{"name": "Checkout overview verification", "status": "broken", "statusDetails": {"message": "selenium.common.exceptions.TimeoutException: Message: \nStacktrace:\n0   chromedriver                        0x00000001030b0708 cxxbridge1$str$ptr + 2729312\n1   chromedriver                        0x00000001030a896c cxxbridge1$str$ptr + 2697156\n2   chromedriver                        0x0000000102bfa728 cxxbridge1$string$len + 90444\n3   chromedriver                        0x0000000102c419b8 cxxbridge1$string$len + 381916\n4   chromedriver                        0x0000000102c830c4 cxxbridge1$string$len + 649960\n5   chromedriver                        0x0000000102c35bc0 cxxbridge1$string$len + 333284\n6   chromedriver                        0x0000000103074298 cxxbridge1$str$ptr + 2482416\n7   chromedriver                        0x000000010307752c cxxbridge1$str$ptr + 2495364\n8   chromedriver                        0x0000000103055ae0 cxxbridge1$str$ptr + 2357560\n9   chromedriver                        0x0000000103077db4 cxxbridge1$str$ptr + 2497548\n10  chromedriver                        0x0000000103046dec cxxbridge1$str$ptr + 2296900\n11  chromedriver                        0x0000000103097c4c cxxbridge1$str$ptr + 2628260\n12  chromedriver                        0x0000000103097dd8 cxxbridge1$str$ptr + 2628656\n13  chromedriver                        0x00000001030a85b8 cxxbridge1$str$ptr + 2696208\n14  libsystem_pthread.dylib             0x000000019bdbac0c _pthread_start + 136\n15  libsystem_pthread.dylib             0x000000019bdb5b80 thread_start + 8\n\n", "trace": "  File \"/Users/axe/Downloads/saucedemo-bdd-tests/venv/lib/python3.9/site-packages/behave/model.py\", line 1329, in run\n    match.run(runner.context)\n  File \"/Users/axe/Downloads/saucedemo-bdd-tests/venv/lib/python3.9/site-packages/behave/matchers.py\", line 98, in run\n    self.func(context, *args, **kwargs)\n  File \"features/steps/checkout_steps.py\", line 26, in step_proceed_to_checkout\n    context.cart_page.proceed_to_checkout()\n  File \"/Users/axe/Downloads/saucedemo-bdd-tests/pages/cart_page.py\", line 67, in proceed_to_checkout\n    self.click_element(self.CHECKOUT_BUTTON)\n  File \"/Users/axe/Downloads/saucedemo-bdd-tests/pages/base_page.py\", line 37, in click_element\n    element = WebDriverWait(self.driver, timeout).until(\n  File \"/Users/axe/Downloads/saucedemo-bdd-tests/venv/lib/python3.9/site-packages/selenium/webdriver/support/wait.py\", line 101, in until\n    raise TimeoutException(message, screen, stacktrace)\n"}, "steps": [{"name": "Given the user is logged in with \"standard_user\" and \"secret_sauce\"", "status": "passed", "start": 1754413680833, "stop": 1754413683488}, {"name": "And the user has added the following products to cart", "status": "passed", "attachments": [{"name": ".table", "source": "562740fc-ea2e-4623-bdb6-35a27b05bf73-attachment.csv", "type": "text/csv"}], "start": 1754413683489, "stop": 1754413684053}, {"name": "When the user proceeds to checkout", "status": "broken", "statusDetails": {"message": "selenium.common.exceptions.TimeoutException: Message: \nStacktrace:\n0   chromedriver                        0x00000001030b0708 cxxbridge1$str$ptr + 2729312\n1   chromedriver                        0x00000001030a896c cxxbridge1$str$ptr + 2697156\n2   chromedriver                        0x0000000102bfa728 cxxbridge1$string$len + 90444\n3   chromedriver                        0x0000000102c419b8 cxxbridge1$string$len + 381916\n4   chromedriver                        0x0000000102c830c4 cxxbridge1$string$len + 649960\n5   chromedriver                        0x0000000102c35bc0 cxxbridge1$string$len + 333284\n6   chromedriver                        0x0000000103074298 cxxbridge1$str$ptr + 2482416\n7   chromedriver                        0x000000010307752c cxxbridge1$str$ptr + 2495364\n8   chromedriver                        0x0000000103055ae0 cxxbridge1$str$ptr + 2357560\n9   chromedriver                        0x0000000103077db4 cxxbridge1$str$ptr + 2497548\n10  chromedriver                        0x0000000103046dec cxxbridge1$str$ptr + 2296900\n11  chromedriver                        0x0000000103097c4c cxxbridge1$str$ptr + 2628260\n12  chromedriver                        0x0000000103097dd8 cxxbridge1$str$ptr + 2628656\n13  chromedriver                        0x00000001030a85b8 cxxbridge1$str$ptr + 2696208\n14  libsystem_pthread.dylib             0x000000019bdbac0c _pthread_start + 136\n15  libsystem_pthread.dylib             0x000000019bdb5b80 thread_start + 8\n\n", "trace": "  File \"/Users/axe/Downloads/saucedemo-bdd-tests/venv/lib/python3.9/site-packages/behave/model.py\", line 1329, in run\n    match.run(runner.context)\n  File \"/Users/axe/Downloads/saucedemo-bdd-tests/venv/lib/python3.9/site-packages/behave/matchers.py\", line 98, in run\n    self.func(context, *args, **kwargs)\n  File \"features/steps/checkout_steps.py\", line 26, in step_proceed_to_checkout\n    context.cart_page.proceed_to_checkout()\n  File \"/Users/axe/Downloads/saucedemo-bdd-tests/pages/cart_page.py\", line 67, in proceed_to_checkout\n    self.click_element(self.CHECKOUT_BUTTON)\n  File \"/Users/axe/Downloads/saucedemo-bdd-tests/pages/base_page.py\", line 37, in click_element\n    element = WebDriverWait(self.driver, timeout).until(\n  File \"/Users/axe/Downloads/saucedemo-bdd-tests/venv/lib/python3.9/site-packages/selenium/webdriver/support/wait.py\", line 101, in until\n    raise TimeoutException(message, screen, stacktrace)\n"}, "start": 1754413684059, "stop": 1754413694647}, {"name": "And enters valid checkout information", "status": "skipped", "start": 1754413694975, "stop": 1754413694975}, {"name": "And clicks Continue", "status": "skipped", "start": 1754413694975, "stop": 1754413694975}, {"name": "Then the checkout overview should display", "status": "skipped", "attachments": [{"name": ".table", "source": "a7e4db5c-fb8a-4f55-93b7-abdd6c7d7064-attachment.csv", "type": "text/csv"}], "start": 1754413694975, "stop": 1754413694975}, {"name": "And the payment information should show \"SauceCard #31337\"", "status": "skipped", "start": 1754413694975, "stop": 1754413694975}, {"name": "And the shipping information should show \"Free Pony Express Delivery!\"", "status": "skipped", "start": 1754413694975, "stop": 1754413694975}, {"name": "And the total should include item total and tax", "status": "skipped", "start": 1754413694975, "stop": 1754413694975}], "start": 1754413679318, "stop": 1754413694975, "uuid": "f36e1226-88b6-444b-bd97-7663c7294166", "historyId": "010a77fb7a5bbd3b3d480bd6cd2dc2d7", "fullName": "Checkout Process: Checkout overview verification", "labels": [{"name": "severity", "value": "normal"}, {"name": "tag", "value": "checkout"}, {"name": "tag", "value": "positive"}, {"name": "feature", "value": "Checkout Process"}, {"name": "framework", "value": "behave"}, {"name": "language", "value": "cpython3"}], "titlePath": ["features", "Checkout Process"]}