{"name": "Complete checkout with valid information", "status": "broken", "statusDetails": {"message": "selenium.common.exceptions.TimeoutException: Message: \nStacktrace:\n0   chromedriver                        0x0000000104b78708 cxxbridge1$str$ptr + 2729312\n1   chromedriver                        0x0000000104b7096c cxxbridge1$str$ptr + 2697156\n2   chromedriver                        0x00000001046c2728 cxxbridge1$string$len + 90444\n3   chromedriver                        0x00000001047099b8 cxxbridge1$string$len + 381916\n4   chromedriver                        0x000000010474b0c4 cxxbridge1$string$len + 649960\n5   chromedriver                        0x00000001046fdbc0 cxxbridge1$string$len + 333284\n6   chromedriver                        0x0000000104b3c298 cxxbridge1$str$ptr + 2482416\n7   chromedriver                        0x0000000104b3f52c cxxbridge1$str$ptr + 2495364\n8   chromedriver                        0x0000000104b1dae0 cxxbridge1$str$ptr + 2357560\n9   chromedriver                        0x0000000104b3fdb4 cxxbridge1$str$ptr + 2497548\n10  chromedriver                        0x0000000104b0edec cxxbridge1$str$ptr + 2296900\n11  chromedriver                        0x0000000104b5fc4c cxxbridge1$str$ptr + 2628260\n12  chromedriver                        0x0000000104b5fdd8 cxxbridge1$str$ptr + 2628656\n13  chromedriver                        0x0000000104b705b8 cxxbridge1$str$ptr + 2696208\n14  libsystem_pthread.dylib             0x000000019bdbac0c _pthread_start + 136\n15  libsystem_pthread.dylib             0x000000019bdb5b80 thread_start + 8\n\n", "trace": "  File \"/Users/axe/Downloads/saucedemo-bdd-tests/venv/lib/python3.9/site-packages/behave/model.py\", line 1329, in run\n    match.run(runner.context)\n  File \"/Users/axe/Downloads/saucedemo-bdd-tests/venv/lib/python3.9/site-packages/behave/matchers.py\", line 98, in run\n    self.func(context, *args, **kwargs)\n  File \"features/steps/checkout_steps.py\", line 26, in step_proceed_to_checkout\n    context.cart_page.proceed_to_checkout()\n  File \"/Users/axe/Downloads/saucedemo-bdd-tests/pages/cart_page.py\", line 67, in proceed_to_checkout\n    self.click_element(self.CHECKOUT_BUTTON)\n  File \"/Users/axe/Downloads/saucedemo-bdd-tests/pages/base_page.py\", line 37, in click_element\n    element = WebDriverWait(self.driver, timeout).until(\n  File \"/Users/axe/Downloads/saucedemo-bdd-tests/venv/lib/python3.9/site-packages/selenium/webdriver/support/wait.py\", line 101, in until\n    raise TimeoutException(message, screen, stacktrace)\n"}, "steps": [{"name": "Given the user is logged in with \"standard_user\" and \"secret_sauce\"", "status": "passed", "start": 1754413665311, "stop": 1754413667797}, {"name": "And the user has added the following products to cart", "status": "passed", "attachments": [{"name": ".table", "source": "047bf6b5-8fd2-42d3-bca1-db1b05b1af66-attachment.csv", "type": "text/csv"}], "start": 1754413667800, "stop": 1754413668370}, {"name": "When the user proceeds to checkout", "status": "broken", "statusDetails": {"message": "selenium.common.exceptions.TimeoutException: Message: \nStacktrace:\n0   chromedriver                        0x0000000104b78708 cxxbridge1$str$ptr + 2729312\n1   chromedriver                        0x0000000104b7096c cxxbridge1$str$ptr + 2697156\n2   chromedriver                        0x00000001046c2728 cxxbridge1$string$len + 90444\n3   chromedriver                        0x00000001047099b8 cxxbridge1$string$len + 381916\n4   chromedriver                        0x000000010474b0c4 cxxbridge1$string$len + 649960\n5   chromedriver                        0x00000001046fdbc0 cxxbridge1$string$len + 333284\n6   chromedriver                        0x0000000104b3c298 cxxbridge1$str$ptr + 2482416\n7   chromedriver                        0x0000000104b3f52c cxxbridge1$str$ptr + 2495364\n8   chromedriver                        0x0000000104b1dae0 cxxbridge1$str$ptr + 2357560\n9   chromedriver                        0x0000000104b3fdb4 cxxbridge1$str$ptr + 2497548\n10  chromedriver                        0x0000000104b0edec cxxbridge1$str$ptr + 2296900\n11  chromedriver                        0x0000000104b5fc4c cxxbridge1$str$ptr + 2628260\n12  chromedriver                        0x0000000104b5fdd8 cxxbridge1$str$ptr + 2628656\n13  chromedriver                        0x0000000104b705b8 cxxbridge1$str$ptr + 2696208\n14  libsystem_pthread.dylib             0x000000019bdbac0c _pthread_start + 136\n15  libsystem_pthread.dylib             0x000000019bdb5b80 thread_start + 8\n\n", "trace": "  File \"/Users/axe/Downloads/saucedemo-bdd-tests/venv/lib/python3.9/site-packages/behave/model.py\", line 1329, in run\n    match.run(runner.context)\n  File \"/Users/axe/Downloads/saucedemo-bdd-tests/venv/lib/python3.9/site-packages/behave/matchers.py\", line 98, in run\n    self.func(context, *args, **kwargs)\n  File \"features/steps/checkout_steps.py\", line 26, in step_proceed_to_checkout\n    context.cart_page.proceed_to_checkout()\n  File \"/Users/axe/Downloads/saucedemo-bdd-tests/pages/cart_page.py\", line 67, in proceed_to_checkout\n    self.click_element(self.CHECKOUT_BUTTON)\n  File \"/Users/axe/Downloads/saucedemo-bdd-tests/pages/base_page.py\", line 37, in click_element\n    element = WebDriverWait(self.driver, timeout).until(\n  File \"/Users/axe/Downloads/saucedemo-bdd-tests/venv/lib/python3.9/site-packages/selenium/webdriver/support/wait.py\", line 101, in until\n    raise TimeoutException(message, screen, stacktrace)\n"}, "start": 1754413668371, "stop": 1754413678975}, {"name": "And enters the following checkout information", "status": "skipped", "attachments": [{"name": ".table", "source": "eb2e2f93-c4fd-4de9-a91d-09d2acf23436-attachment.csv", "type": "text/csv"}], "start": 1754413679317, "stop": 1754413679317}, {"name": "And clicks Continue", "status": "skipped", "start": 1754413679317, "stop": 1754413679317}, {"name": "And clicks Finish", "status": "skipped", "start": 1754413679317, "stop": 1754413679317}, {"name": "Then the order confirmation should be displayed", "status": "skipped", "start": 1754413679317, "stop": 1754413679317}, {"name": "And the confirmation message should contain \"Thank you for your order!\"", "status": "skipped", "start": 1754413679317, "stop": 1754413679317}], "start": 1754413663803, "stop": 1754413679317, "uuid": "b905a809-60e4-484b-9428-188a3a3a0c32", "historyId": "0326a42c9a9b0869f16c7c09e36036de", "fullName": "Checkout Process: Complete checkout with valid information", "labels": [{"name": "severity", "value": "normal"}, {"name": "tag", "value": "checkout"}, {"name": "tag", "value": "positive"}, {"name": "tag", "value": "smoke"}, {"name": "feature", "value": "Checkout Process"}, {"name": "framework", "value": "behave"}, {"name": "language", "value": "cpython3"}], "titlePath": ["features", "Checkout Process"]}