{"name": "Checkout fails with missing information -- @1.2 ", "status": "broken", "statusDetails": {"message": "selenium.common.exceptions.TimeoutException: Message: \nStacktrace:\n0   chromedriver                        0x0000000100544708 cxxbridge1$str$ptr + 2729312\n1   chromedriver                        0x000000010053c96c cxxbridge1$str$ptr + 2697156\n2   chromedriver                        0x000000010008e728 cxxbridge1$string$len + 90444\n3   chromedriver                        0x00000001000d59b8 cxxbridge1$string$len + 381916\n4   chromedriver                        0x00000001001170c4 cxxbridge1$string$len + 649960\n5   chromedriver                        0x00000001000c9bc0 cxxbridge1$string$len + 333284\n6   chromedriver                        0x0000000100508298 cxxbridge1$str$ptr + 2482416\n7   chromedriver                        0x000000010050b52c cxxbridge1$str$ptr + 2495364\n8   chromedriver                        0x00000001004e9ae0 cxxbridge1$str$ptr + 2357560\n9   chromedriver                        0x000000010050bdb4 cxxbridge1$str$ptr + 2497548\n10  chromedriver                        0x00000001004dadec cxxbridge1$str$ptr + 2296900\n11  chromedriver                        0x000000010052bc4c cxxbridge1$str$ptr + 2628260\n12  chromedriver                        0x000000010052bdd8 cxxbridge1$str$ptr + 2628656\n13  chromedriver                        0x000000010053c5b8 cxxbridge1$str$ptr + 2696208\n14  libsystem_pthread.dylib             0x000000019bdbac0c _pthread_start + 136\n15  libsystem_pthread.dylib             0x000000019bdb5b80 thread_start + 8\n\n", "trace": "  File \"/Users/axe/Downloads/saucedemo-bdd-tests/venv/lib/python3.9/site-packages/behave/model.py\", line 1329, in run\n    match.run(runner.context)\n  File \"/Users/axe/Downloads/saucedemo-bdd-tests/venv/lib/python3.9/site-packages/behave/matchers.py\", line 98, in run\n    self.func(context, *args, **kwargs)\n  File \"features/steps/checkout_steps.py\", line 26, in step_proceed_to_checkout\n    context.cart_page.proceed_to_checkout()\n  File \"/Users/axe/Downloads/saucedemo-bdd-tests/pages/cart_page.py\", line 67, in proceed_to_checkout\n    self.click_element(self.CHECKOUT_BUTTON)\n  File \"/Users/axe/Downloads/saucedemo-bdd-tests/pages/base_page.py\", line 37, in click_element\n    element = WebDriverWait(self.driver, timeout).until(\n  File \"/Users/axe/Downloads/saucedemo-bdd-tests/venv/lib/python3.9/site-packages/selenium/webdriver/support/wait.py\", line 101, in until\n    raise TimeoutException(message, screen, stacktrace)\n"}, "steps": [{"name": "Given the user is logged in with \"standard_user\" and \"secret_sauce\"", "status": "passed", "start": 1754413712034, "stop": 1754413714660}, {"name": "And the user has added the following products to cart", "status": "passed", "attachments": [{"name": ".table", "source": "f22ae650-f1a8-481d-844b-f3761fdce1a1-attachment.csv", "type": "text/csv"}], "start": 1754413714662, "stop": 1754413715228}, {"name": "When the user proceeds to checkout", "status": "broken", "statusDetails": {"message": "selenium.common.exceptions.TimeoutException: Message: \nStacktrace:\n0   chromedriver                        0x0000000100544708 cxxbridge1$str$ptr + 2729312\n1   chromedriver                        0x000000010053c96c cxxbridge1$str$ptr + 2697156\n2   chromedriver                        0x000000010008e728 cxxbridge1$string$len + 90444\n3   chromedriver                        0x00000001000d59b8 cxxbridge1$string$len + 381916\n4   chromedriver                        0x00000001001170c4 cxxbridge1$string$len + 649960\n5   chromedriver                        0x00000001000c9bc0 cxxbridge1$string$len + 333284\n6   chromedriver                        0x0000000100508298 cxxbridge1$str$ptr + 2482416\n7   chromedriver                        0x000000010050b52c cxxbridge1$str$ptr + 2495364\n8   chromedriver                        0x00000001004e9ae0 cxxbridge1$str$ptr + 2357560\n9   chromedriver                        0x000000010050bdb4 cxxbridge1$str$ptr + 2497548\n10  chromedriver                        0x00000001004dadec cxxbridge1$str$ptr + 2296900\n11  chromedriver                        0x000000010052bc4c cxxbridge1$str$ptr + 2628260\n12  chromedriver                        0x000000010052bdd8 cxxbridge1$str$ptr + 2628656\n13  chromedriver                        0x000000010053c5b8 cxxbridge1$str$ptr + 2696208\n14  libsystem_pthread.dylib             0x000000019bdbac0c _pthread_start + 136\n15  libsystem_pthread.dylib             0x000000019bdb5b80 thread_start + 8\n\n", "trace": "  File \"/Users/axe/Downloads/saucedemo-bdd-tests/venv/lib/python3.9/site-packages/behave/model.py\", line 1329, in run\n    match.run(runner.context)\n  File \"/Users/axe/Downloads/saucedemo-bdd-tests/venv/lib/python3.9/site-packages/behave/matchers.py\", line 98, in run\n    self.func(context, *args, **kwargs)\n  File \"features/steps/checkout_steps.py\", line 26, in step_proceed_to_checkout\n    context.cart_page.proceed_to_checkout()\n  File \"/Users/axe/Downloads/saucedemo-bdd-tests/pages/cart_page.py\", line 67, in proceed_to_checkout\n    self.click_element(self.CHECKOUT_BUTTON)\n  File \"/Users/axe/Downloads/saucedemo-bdd-tests/pages/base_page.py\", line 37, in click_element\n    element = WebDriverWait(self.driver, timeout).until(\n  File \"/Users/axe/Downloads/saucedemo-bdd-tests/venv/lib/python3.9/site-packages/selenium/webdriver/support/wait.py\", line 101, in until\n    raise TimeoutException(message, screen, stacktrace)\n"}, "start": 1754413715230, "stop": 1754413725803}, {"name": "And enters checkout information with missing \"Last Name\"", "status": "skipped", "start": 1754413726132, "stop": 1754413726132}, {"name": "And clicks Continue", "status": "skipped", "start": 1754413726132, "stop": 1754413726132}, {"name": "Then an error message should be displayed for the missing \"Last Name\"", "status": "skipped", "start": 1754413726132, "stop": 1754413726132}], "parameters": [{"name": "field", "value": "Last Name"}], "start": 1754413710493, "stop": 1754413726132, "uuid": "ae7682af-03f3-4b82-bb1a-fc21f1c58d6f", "historyId": "5eb438466172f2b27afdf2350bfb5cc3", "fullName": "Checkout Process: Checkout fails with missing information", "labels": [{"name": "severity", "value": "normal"}, {"name": "tag", "value": "checkout"}, {"name": "tag", "value": "negative"}, {"name": "feature", "value": "Checkout Process"}, {"name": "framework", "value": "behave"}, {"name": "language", "value": "cpython3"}], "titlePath": ["features", "Checkout Process"]}